Exporter version: 2.80.1, Blender version: 2.92.0
========= Conversion from Blender to Babylon.js =========
	Scene settings used :
		Inline textures     :  false
		Material Type       :  PBR
		Positions Precision :  4
		Normals Precision   :  3
		UVs Precision       :  3
		Vert Color Precision:  3
		Mat Weight Precision:  2
		Keep Z-up r-handed  :  no
		Texture directory   :  C:\Users\Козлова\Documents\New Folder\
	Python World class constructor completed
	WARNING: No active camera has been assigned, or is not in a currently selected Blender layer
	processing begun of skeleton:  Armature, id:  0
		processing begun of bone:  mixamorig1:Hips, index:  0
		processing begun of bone:  mixamorig1:Spine, index:  1
		processing begun of bone:  mixamorig1:Spine1, index:  2
		processing begun of bone:  mixamorig1:Spine2, index:  3
		processing begun of bone:  mixamorig1:Neck, index:  4
		processing begun of bone:  mixamorig1:Head, index:  5
		processing begun of bone:  mixamorig1:HeadTop_End, index:  6
		processing begun of bone:  mixamorig1:LeftShoulder, index:  7
		processing begun of bone:  mixamorig1:LeftArm, index:  8
		processing begun of bone:  mixamorig1:LeftForeArm, index:  9
		processing begun of bone:  mixamorig1:LeftHand, index:  10
		processing begun of bone:  mixamorig1:LeftHandThumb1, index:  11
		processing begun of bone:  mixamorig1:LeftHandThumb2, index:  12
		processing begun of bone:  mixamorig1:LeftHandThumb3, index:  13
		processing begun of bone:  mixamorig1:LeftHandThumb4, index:  14
		processing begun of bone:  mixamorig1:LeftHandIndex1, index:  15
		processing begun of bone:  mixamorig1:LeftHandIndex2, index:  16
		processing begun of bone:  mixamorig1:LeftHandIndex3, index:  17
		processing begun of bone:  mixamorig1:LeftHandIndex4, index:  18
		processing begun of bone:  mixamorig1:LeftHandMiddle1, index:  19
		processing begun of bone:  mixamorig1:LeftHandMiddle2, index:  20
		processing begun of bone:  mixamorig1:LeftHandMiddle3, index:  21
		processing begun of bone:  mixamorig1:LeftHandMiddle4, index:  22
		processing begun of bone:  mixamorig1:LeftHandRing1, index:  23
		processing begun of bone:  mixamorig1:LeftHandRing2, index:  24
		processing begun of bone:  mixamorig1:LeftHandRing3, index:  25
		processing begun of bone:  mixamorig1:LeftHandRing4, index:  26
		processing begun of bone:  mixamorig1:LeftHandPinky1, index:  27
		processing begun of bone:  mixamorig1:LeftHandPinky2, index:  28
		processing begun of bone:  mixamorig1:LeftHandPinky3, index:  29
		processing begun of bone:  mixamorig1:LeftHandPinky4, index:  30
		processing begun of bone:  mixamorig1:RightShoulder, index:  31
		processing begun of bone:  mixamorig1:RightArm, index:  32
		processing begun of bone:  mixamorig1:RightForeArm, index:  33
		processing begun of bone:  mixamorig1:RightHand, index:  34
		processing begun of bone:  mixamorig1:RightHandThumb1, index:  35
		processing begun of bone:  mixamorig1:RightHandThumb2, index:  36
		processing begun of bone:  mixamorig1:RightHandThumb3, index:  37
		processing begun of bone:  mixamorig1:RightHandThumb4, index:  38
		processing begun of bone:  mixamorig1:RightHandIndex1, index:  39
		processing begun of bone:  mixamorig1:RightHandIndex2, index:  40
		processing begun of bone:  mixamorig1:RightHandIndex3, index:  41
		processing begun of bone:  mixamorig1:RightHandIndex4, index:  42
		processing begun of bone:  mixamorig1:RightHandMiddle1, index:  43
		processing begun of bone:  mixamorig1:RightHandMiddle2, index:  44
		processing begun of bone:  mixamorig1:RightHandMiddle3, index:  45
		processing begun of bone:  mixamorig1:RightHandMiddle4, index:  46
		processing begun of bone:  mixamorig1:RightHandRing1, index:  47
		processing begun of bone:  mixamorig1:RightHandRing2, index:  48
		processing begun of bone:  mixamorig1:RightHandRing3, index:  49
		processing begun of bone:  mixamorig1:RightHandRing4, index:  50
		processing begun of bone:  mixamorig1:RightHandPinky1, index:  51
		processing begun of bone:  mixamorig1:RightHandPinky2, index:  52
		processing begun of bone:  mixamorig1:RightHandPinky3, index:  53
		processing begun of bone:  mixamorig1:RightHandPinky4, index:  54
		processing begun of bone:  mixamorig1:LeftUpLeg, index:  55
		processing begun of bone:  mixamorig1:LeftLeg, index:  56
		processing begun of bone:  mixamorig1:LeftFoot, index:  57
		processing begun of bone:  mixamorig1:LeftToeBase, index:  58
		processing begun of bone:  mixamorig1:LeftToe_End, index:  59
		processing begun of bone:  mixamorig1:RightUpLeg, index:  60
		processing begun of bone:  mixamorig1:RightLeg, index:  61
		processing begun of bone:  mixamorig1:RightFoot, index:  62
		processing begun of bone:  mixamorig1:RightToeBase, index:  63
		processing begun of bone:  mixamorig1:RightToe_End, index:  64
		processing action Armature|mixamo.com|Layer0:  in[1 - 26], out[0 - 26]
		processing action Armature|mixamo.com|Layer0.001:  in[1 - 26], out[40 - 66]
	processing begun of mesh:  Ch45
		processing begun of material:  Ch45_Body.001
			processing texture Ch45_1001_Normal
				texture type:  bumpTexture, mapped using: "map1"
			processing texture Ch45_1001_Diffuse
				texture type:  diffuseTexture, mapped using: "map1"
			processing texture Ch45_1001_Specular
				texture type:  specularTexture, mapped using: "map1"
			processing texture Ch45_1001_Glossiness
				texture type:  value not meaningful 2, mapped using: "map1"
		Custom split normals with tangents being used
		num positions      :  17721
		num normals        :  17721
		num tangents       :  70884
		num uvs            :  35442
		num uvs2           :  0
		num colors         :  0
		num triangles      :  29012
		Skeleton stats:  
			Total Influencers:  43835
			Avg # of influencers per vertex:  2.4736
			Highest # of influencers observed:  6, num vertices with this:  27
			exported as 6 influencers
			num skeletonWeights and skeletonIndices:  141768
		WARNING: # of 0 area faces found:  4
========= Writing of JSON file started =========
	writing mesh:  Ch45
========= Writing of JSON file completed =========
========= end of processing =========
elapsed time:  0 min, 41.0492 secs
